[0.026s] Invoking command in '/home/ubuntu/ros2_ws/src/build/cv_bridge': CMAKE_PREFIX_PATH=/opt/ros/foxy /usr/bin/cmake --build /home/ubuntu/ros2_ws/src/build/cv_bridge -- -j16 -l16
[0.056s] [35m[1mScanning dependencies of target cv_bridge[0m
[0.056s] [35m[1mScanning dependencies of target gtest[0m
[0.058s] [35m[1mScanning dependencies of target gtest_main[0m
[0.071s] [  6%] [32mBuilding CXX object gtest/CMakeFiles/gtest_main.dir/src/gtest_main.cc.o[0m
[0.073s] [ 12%] [32mBuilding CXX object gtest/CMakeFiles/gtest.dir/src/gtest-all.cc.o[0m
[0.085s] [ 25%] [32mBuilding CXX object src/CMakeFiles/cv_bridge.dir/rgb_colors.cpp.o[0m
[0.085s] [ 25%] [32mBuilding CXX object src/CMakeFiles/cv_bridge.dir/cv_bridge.cpp.o[0m
[0.613s] [ 31%] [32m[1mLinking CXX static library libgtest_main.a[0m
[0.639s] [ 31%] Built target gtest_main
[2.311s] [ 37%] [32m[1mLinking CXX static library libgtest.a[0m
[2.347s] [ 37%] Built target gtest
[3.118s] [ 43%] [32m[1mLinking CXX shared library libcv_bridge.so[0m
[3.216s] [ 43%] Built target cv_bridge
[3.223s] [35m[1mScanning dependencies of target cv_bridge_boost[0m
[3.223s] [35m[1mScanning dependencies of target cv_bridge-utest[0m
[3.253s] [ 50%] [32mBuilding CXX object src/CMakeFiles/cv_bridge_boost.dir/module_opencv3.cpp.o[0m
[3.254s] [ 56%] [32mBuilding CXX object src/CMakeFiles/cv_bridge_boost.dir/module.cpp.o[0m
[3.255s] [ 75%] [32mBuilding CXX object test/CMakeFiles/cv_bridge-utest.dir/test_compression.cpp.o[0m
[3.255s] [ 75%] [32mBuilding CXX object test/CMakeFiles/cv_bridge-utest.dir/test_endian.cpp.o[0m
[3.255s] [ 75%] [32mBuilding CXX object test/CMakeFiles/cv_bridge-utest.dir/utest.cpp.o[0m
[3.255s] [ 81%] [32mBuilding CXX object test/CMakeFiles/cv_bridge-utest.dir/utest2.cpp.o[0m
[3.257s] [ 87%] [32mBuilding CXX object test/CMakeFiles/cv_bridge-utest.dir/test_rgb_colors.cpp.o[0m
[4.824s] [ 93%] [32m[1mLinking CXX executable cv_bridge-utest[0m
[4.999s] make[2]: *** Deleting file 'test/cv_bridge-utest'
[4.999s] make[2]: *** [src/CMakeFiles/cv_bridge_boost.dir/build.make:63: src/CMakeFiles/cv_bridge_boost.dir/module.cpp.o] Interrupt
[4.999s] make[2]: *** [src/CMakeFiles/cv_bridge_boost.dir/build.make:76: src/CMakeFiles/cv_bridge_boost.dir/module_opencv3.cpp.o] Interrupt
[4.999s] make[1]: *** [CMakeFiles/Makefile2:194: src/CMakeFiles/cv_bridge_boost.dir/all] Interrupt
[4.999s] make[2]: *** [test/CMakeFiles/cv_bridge-utest.dir/build.make:179: test/cv_bridge-utest] Interrupt
[4.999s] make[1]: *** [CMakeFiles/Makefile2:250: test/CMakeFiles/cv_bridge-utest.dir/all] Interrupt
[5.000s] make: *** [Makefile:141: all] Interrupt
